# JRE version: Java(TM) SE Runtime Environment (17.0.4.1+1) (build 17.0.4.1+1-LTS-2)
# Java VM: Java HotSpot(TM) 64-Bit Server VM (17.0.4.1+1-LTS-2, mixed mode, emulated-client, sharing, tiered, compressed oops, compressed class ptrs, g1 gc, bsd-aarch64)
Heap:
 garbage-first heap   total 111616K, used 63828K [0x0000000780000000, 0x0000000800000000)
  region size 1024K, 11 young (11264K), 1 survivors (1024K)
 Metaspace       used 62651K, committed 63424K, reserved 1105920K
  class space    used 9840K, committed 10176K, reserved 1048576K
GC Heap History (20 events):
Event: 18.101 GC heap before
{Heap before GC invocations=21 (full 0):
 garbage-first heap   total 86016K, used 66410K [0x0000000780000000, 0x0000000800000000)
  region size 1024K, 27 young (27648K), 5 survivors (5120K)
 Metaspace       used 62088K, committed 62720K, reserved 1105920K
  class space    used 9728K, committed 10048K, reserved 1048576K
}
Event: 18.108 GC heap after
{Heap after GC invocations=22 (full 0):
 garbage-first heap   total 86016K, used 48558K [0x0000000780000000, 0x0000000800000000)
  region size 1024K, 4 young (4096K), 4 survivors (4096K)
 Metaspace       used 62088K, committed 62720K, reserved 1105920K
  class space    used 9728K, committed 10048K, reserved 1048576K
}
Event: 39.183 GC heap before
{Heap before GC invocations=22 (full 0):
 garbage-first heap   total 86016K, used 65966K [0x0000000780000000, 0x0000000800000000)
  region size 1024K, 21 young (21504K), 4 survivors (4096K)
 Metaspace       used 62482K, committed 63104K, reserved 1105920K
  class space    used 9793K, committed 10112K, reserved 1048576K
}
Event: 39.190 GC heap after
{Heap after GC invocations=23 (full 0):
 garbage-first heap   total 86016K, used 50612K [0x0000000780000000, 0x0000000800000000)
  region size 1024K, 3 young (3072K), 3 survivors (3072K)
 Metaspace       used 62482K, committed 63104K, reserved 1105920K
  class space    used 9793K, committed 10112K, reserved 1048576K
}
Event: 45.344 GC heap before
{Heap before GC invocations=24 (full 0):
 garbage-first heap   total 92160K, used 65972K [0x0000000780000000, 0x0000000800000000)
  region size 1024K, 19 young (19456K), 3 survivors (3072K)
 Metaspace       used 62667K, committed 63232K, reserved 1105920K
  class space    used 9837K, committed 10112K, reserved 1048576K
}
Event: 45.350 GC heap after
{Heap after GC invocations=25 (full 0):
 garbage-first heap   total 92160K, used 54144K [0x0000000780000000, 0x0000000800000000)
  region size 1024K, 3 young (3072K), 3 survivors (3072K)
 Metaspace       used 62667K, committed 63232K, reserved 1105920K
  class space    used 9837K, committed 10112K, reserved 1048576K
}
Event: 48.428 GC heap before
{Heap before GC invocations=25 (full 0):
 garbage-first heap   total 92160K, used 55168K [0x0000000780000000, 0x0000000800000000)
  region size 1024K, 4 young (4096K), 3 survivors (3072K)
 Metaspace       used 62675K, committed 63232K, reserved 1105920K
  class space    used 9837K, committed 10112K, reserved 1048576K
}
Event: 48.438 GC heap after
{Heap after GC invocations=26 (full 0):
 garbage-first heap   total 92160K, used 53989K [0x0000000780000000, 0x0000000800000000)
  region size 1024K, 1 young (1024K), 1 survivors (1024K)
 Metaspace       used 62675K, committed 63232K, reserved 1105920K
  class space    used 9837K, committed 10112K, reserved 1048576K
}
Event: 57.457 GC heap before
{Heap before GC invocations=26 (full 0):
 garbage-first heap   total 92160K, used 71397K [0x0000000780000000, 0x0000000800000000)
  region size 1024K, 18 young (18432K), 1 survivors (1024K)
 Metaspace       used 62721K, committed 63424K, reserved 1105920K
  class space    used 9851K, committed 10176K, reserved 1048576K
}
Event: 57.461 GC heap after
{Heap after GC invocations=27 (full 0):
 garbage-first heap   total 92160K, used 56206K [0x0000000780000000, 0x0000000800000000)
  region size 1024K, 3 young (3072K), 3 survivors (3072K)
 Metaspace       used 62721K, committed 63424K, reserved 1105920K
  class space    used 9851K, committed 10176K, reserved 1048576K
}
Event: 57.570 GC heap before
{Heap before GC invocations=28 (full 0):
 garbage-first heap   total 102400K, used 70542K [0x0000000780000000, 0x0000000800000000)
  region size 1024K, 18 young (18432K), 3 survivors (3072K)
 Metaspace       used 62528K, committed 63424K, reserved 1105920K
  class space    used 9812K, committed 10176K, reserved 1048576K
}
Event: 57.573 GC heap after
{Heap after GC invocations=29 (full 0):
 garbage-first heap   total 102400K, used 56235K [0x0000000780000000, 0x0000000800000000)
  region size 1024K, 2 young (2048K), 2 survivors (2048K)
 Metaspace       used 62528K, committed 63424K, reserved 1105920K
  class space    used 9812K, committed 10176K, reserved 1048576K
}
Event: 57.581 GC heap before
{Heap before GC invocations=29 (full 0):
 garbage-first heap   total 102400K, used 59307K [0x0000000780000000, 0x0000000800000000)
  region size 1024K, 5 young (5120K), 2 survivors (2048K)
 Metaspace       used 62528K, committed 63424K, reserved 1105920K
  class space    used 9812K, committed 10176K, reserved 1048576K
}
Event: 57.583 GC heap after
{Heap after GC invocations=30 (full 0):
 garbage-first heap   total 102400K, used 54574K [0x0000000780000000, 0x0000000800000000)
  region size 1024K, 1 young (1024K), 1 survivors (1024K)
 Metaspace       used 62528K, committed 63424K, reserved 1105920K
  class space    used 9812K, committed 10176K, reserved 1048576K
}
Event: 69.759 GC heap before
{Heap before GC invocations=30 (full 0):
 garbage-first heap   total 102400K, used 79150K [0x0000000780000000, 0x0000000800000000)
  region size 1024K, 25 young (25600K), 1 survivors (1024K)
 Metaspace       used 62570K, committed 63424K, reserved 1105920K
  class space    used 9821K, committed 10176K, reserved 1048576K
}
Event: 69.767 GC heap after
{Heap after GC invocations=31 (full 0):
 garbage-first heap   total 102400K, used 59418K [0x0000000780000000, 0x0000000800000000)
  region size 1024K, 4 young (4096K), 4 survivors (4096K)
 Metaspace       used 62570K, committed 63424K, reserved 1105920K
  class space    used 9821K, committed 10176K, reserved 1048576K
}
Event: 69.886 GC heap before
{Heap before GC invocations=32 (full 0):
 garbage-first heap   total 111616K, used 79898K [0x0000000780000000, 0x0000000800000000)
  region size 1024K, 24 young (24576K), 4 survivors (4096K)
 Metaspace       used 62559K, committed 63424K, reserved 1105920K
  class space    used 9817K, committed 10176K, reserved 1048576K
}
Event: 69.889 GC heap after
{Heap after GC invocations=33 (full 0):
 garbage-first heap   total 111616K, used 61990K [0x0000000780000000, 0x0000000800000000)
  region size 1024K, 3 young (3072K), 3 survivors (3072K)
 Metaspace       used 62559K, committed 63424K, reserved 1105920K
  class space    used 9817K, committed 10176K, reserved 1048576K
}
Event: 69.893 GC heap before
{Heap before GC invocations=33 (full 0):
 garbage-first heap   total 111616K, used 64038K [0x0000000780000000, 0x0000000800000000)
  region size 1024K, 5 young (5120K), 3 survivors (3072K)
 Metaspace       used 62559K, committed 63424K, reserved 1105920K
  class space    used 9817K, committed 10176K, reserved 1048576K
}
Event: 69.897 GC heap after
{Heap after GC invocations=34 (full 0):
 garbage-first heap   total 111616K, used 54612K [0x0000000780000000, 0x0000000800000000)
  region size 1024K, 1 young (1024K), 1 survivors (1024K)
 Metaspace       used 62559K, committed 63424K, reserved 1105920K
  class space    used 9817K, committed 10176K, reserved 1048576K
}

