# JRE version: Java(TM) SE Runtime Environment (17.0.4.1+1) (build 17.0.4.1+1-LTS-2)
# Java VM: Java HotSpot(TM) 64-Bit Server VM (17.0.4.1+1-LTS-2, mixed mode, emulated-client, sharing, tiered, compressed oops, compressed class ptrs, g1 gc, bsd-aarch64)
Heap:
 garbage-first heap   total 91136K, used 53637K [0x0000000780000000, 0x0000000800000000)
  region size 1024K, 8 young (8192K), 3 survivors (3072K)
 Metaspace       used 61479K, committed 62144K, reserved 1105920K
  class space    used 9650K, committed 9984K, reserved 1048576K
GC Heap History (20 events):
Event: 6.930 GC heap before
{Heap before GC invocations=10 (full 0):
 garbage-first heap   total 68608K, used 49256K [0x0000000780000000, 0x0000000800000000)
  region size 1024K, 30 young (30720K), 4 survivors (4096K)
 Metaspace       used 45709K, committed 46208K, reserved 1089536K
  class space    used 6804K, committed 7040K, reserved 1048576K
}
Event: 6.932 GC heap after
{Heap after GC invocations=11 (full 0):
 garbage-first heap   total 68608K, used 25150K [0x0000000780000000, 0x0000000800000000)
  region size 1024K, 2 young (2048K), 2 survivors (2048K)
 Metaspace       used 45709K, committed 46208K, reserved 1089536K
  class space    used 6804K, committed 7040K, reserved 1048576K
}
Event: 7.044 GC heap before
{Heap before GC invocations=11 (full 0):
 garbage-first heap   total 68608K, used 51774K [0x0000000780000000, 0x0000000800000000)
  region size 1024K, 28 young (28672K), 2 survivors (2048K)
 Metaspace       used 46242K, committed 46720K, reserved 1089536K
  class space    used 6866K, committed 7104K, reserved 1048576K
}
Event: 7.048 GC heap after
{Heap after GC invocations=12 (full 0):
 garbage-first heap   total 82944K, used 25713K [0x0000000780000000, 0x0000000800000000)
  region size 1024K, 3 young (3072K), 3 survivors (3072K)
 Metaspace       used 46242K, committed 46720K, reserved 1089536K
  class space    used 6866K, committed 7104K, reserved 1048576K
}
Event: 7.172 GC heap before
{Heap before GC invocations=12 (full 0):
 garbage-first heap   total 82944K, used 62577K [0x0000000780000000, 0x0000000800000000)
  region size 1024K, 39 young (39936K), 3 survivors (3072K)
 Metaspace       used 46518K, committed 47040K, reserved 1089536K
  class space    used 6892K, committed 7168K, reserved 1048576K
}
Event: 7.174 GC heap after
{Heap after GC invocations=13 (full 0):
 garbage-first heap   total 82944K, used 26581K [0x0000000780000000, 0x0000000800000000)
  region size 1024K, 4 young (4096K), 4 survivors (4096K)
 Metaspace       used 46518K, committed 47040K, reserved 1089536K
  class space    used 6892K, committed 7168K, reserved 1048576K
}
Event: 7.413 GC heap before
{Heap before GC invocations=13 (full 0):
 garbage-first heap   total 82944K, used 63445K [0x0000000780000000, 0x0000000800000000)
  region size 1024K, 40 young (40960K), 4 survivors (4096K)
 Metaspace       used 49601K, committed 50112K, reserved 1097728K
  class space    used 7363K, committed 7616K, reserved 1048576K
}
Event: 7.416 GC heap after
{Heap after GC invocations=14 (full 0):
 garbage-first heap   total 82944K, used 28153K [0x0000000780000000, 0x0000000800000000)
  region size 1024K, 4 young (4096K), 4 survivors (4096K)
 Metaspace       used 49601K, committed 50112K, reserved 1097728K
  class space    used 7363K, committed 7616K, reserved 1048576K
}
Event: 8.895 GC heap before
{Heap before GC invocations=14 (full 0):
 garbage-first heap   total 82944K, used 66041K [0x0000000780000000, 0x0000000800000000)
  region size 1024K, 39 young (39936K), 4 survivors (4096K)
 Metaspace       used 56799K, committed 57344K, reserved 1097728K
  class space    used 8755K, committed 9024K, reserved 1048576K
}
Event: 8.901 GC heap after
{Heap after GC invocations=15 (full 0):
 garbage-first heap   total 82944K, used 34009K [0x0000000780000000, 0x0000000800000000)
  region size 1024K, 5 young (5120K), 5 survivors (5120K)
 Metaspace       used 56799K, committed 57344K, reserved 1097728K
  class space    used 8755K, committed 9024K, reserved 1048576K
}
Event: 9.122 GC heap before
{Heap before GC invocations=15 (full 0):
 garbage-first heap   total 82944K, used 55513K [0x0000000780000000, 0x0000000800000000)
  region size 1024K, 27 young (27648K), 5 survivors (5120K)
 Metaspace       used 60352K, committed 60928K, reserved 1105920K
  class space    used 9399K, committed 9664K, reserved 1048576K
}
Event: 9.127 GC heap after
{Heap after GC invocations=16 (full 0):
 garbage-first heap   total 82944K, used 35850K [0x0000000780000000, 0x0000000800000000)
  region size 1024K, 2 young (2048K), 2 survivors (2048K)
 Metaspace       used 60352K, committed 60928K, reserved 1105920K
  class space    used 9399K, committed 9664K, reserved 1048576K
}
Event: 9.323 GC heap before
{Heap before GC invocations=17 (full 0):
 garbage-first heap   total 82944K, used 50186K [0x0000000780000000, 0x0000000800000000)
  region size 1024K, 17 young (17408K), 2 survivors (2048K)
 Metaspace       used 60672K, committed 61248K, reserved 1105920K
  class space    used 9480K, committed 9792K, reserved 1048576K
}
Event: 9.328 GC heap after
{Heap after GC invocations=18 (full 0):
 garbage-first heap   total 82944K, used 40287K [0x0000000780000000, 0x0000000800000000)
  region size 1024K, 4 young (4096K), 4 survivors (4096K)
 Metaspace       used 60672K, committed 61248K, reserved 1105920K
  class space    used 9480K, committed 9792K, reserved 1048576K
}
Event: 11.983 GC heap before
{Heap before GC invocations=19 (full 0):
 garbage-first heap   total 82944K, used 56671K [0x0000000780000000, 0x0000000800000000)
  region size 1024K, 17 young (17408K), 4 survivors (4096K)
 Metaspace       used 61254K, committed 61888K, reserved 1105920K
  class space    used 9601K, committed 9920K, reserved 1048576K
}
Event: 11.988 GC heap after
{Heap after GC invocations=20 (full 0):
 garbage-first heap   total 82944K, used 43559K [0x0000000780000000, 0x0000000800000000)
  region size 1024K, 2 young (2048K), 2 survivors (2048K)
 Metaspace       used 61254K, committed 61888K, reserved 1105920K
  class space    used 9601K, committed 9920K, reserved 1048576K
}
Event: 22.857 GC heap before
{Heap before GC invocations=21 (full 0):
 garbage-first heap   total 82944K, used 63015K [0x0000000780000000, 0x0000000800000000)
  region size 1024K, 21 young (21504K), 2 survivors (2048K)
 Metaspace       used 61389K, committed 62016K, reserved 1105920K
  class space    used 9628K, committed 9920K, reserved 1048576K
}
Event: 22.864 GC heap after
{Heap after GC invocations=22 (full 0):
 garbage-first heap   total 82944K, used 45116K [0x0000000780000000, 0x0000000800000000)
  region size 1024K, 3 young (3072K), 3 survivors (3072K)
 Metaspace       used 61389K, committed 62016K, reserved 1105920K
  class space    used 9628K, committed 9920K, reserved 1048576K
}
Event: 23.025 GC heap before
{Heap before GC invocations=22 (full 0):
 garbage-first heap   total 82944K, used 64572K [0x0000000780000000, 0x0000000800000000)
  region size 1024K, 22 young (22528K), 3 survivors (3072K)
 Metaspace       used 61397K, committed 62016K, reserved 1105920K
  class space    used 9630K, committed 9920K, reserved 1048576K
}
Event: 23.040 GC heap after
{Heap after GC invocations=23 (full 0):
 garbage-first heap   total 82944K, used 49541K [0x0000000780000000, 0x0000000800000000)
  region size 1024K, 3 young (3072K), 3 survivors (3072K)
 Metaspace       used 61397K, committed 62016K, reserved 1105920K
  class space    used 9630K, committed 9920K, reserved 1048576K
}

