# JRE version: Java(TM) SE Runtime Environment (17.0.4.1+1) (build 17.0.4.1+1-LTS-2)
# Java VM: Java HotSpot(TM) 64-Bit Server VM (17.0.4.1+1-LTS-2, mixed mode, emulated-client, sharing, tiered, compressed oops, compressed class ptrs, g1 gc, bsd-aarch64)
Heap:
 garbage-first heap   total 96256K, used 57547K [0x0000000780000000, 0x0000000800000000)
  region size 1024K, 8 young (8192K), 3 survivors (3072K)
 Metaspace       used 61069K, committed 61696K, reserved 1105920K
  class space    used 9578K, committed 9856K, reserved 1048576K
GC Heap History (20 events):
Event: 7.138 GC heap before
{Heap before GC invocations=10 (full 0):
 garbage-first heap   total 71680K, used 53622K [0x0000000780000000, 0x0000000800000000)
  region size 1024K, 31 young (31744K), 3 survivors (3072K)
 Metaspace       used 45741K, committed 46272K, reserved 1089536K
  class space    used 6807K, committed 7040K, reserved 1048576K
}
Event: 7.140 GC heap after
{Heap after GC invocations=11 (full 0):
 garbage-first heap   total 71680K, used 26557K [0x0000000780000000, 0x0000000800000000)
  region size 1024K, 2 young (2048K), 2 survivors (2048K)
 Metaspace       used 45741K, committed 46272K, reserved 1089536K
  class space    used 6807K, committed 7040K, reserved 1048576K
}
Event: 7.247 GC heap before
{Heap before GC invocations=11 (full 0):
 garbage-first heap   total 71680K, used 54205K [0x0000000780000000, 0x0000000800000000)
  region size 1024K, 29 young (29696K), 2 survivors (2048K)
 Metaspace       used 46270K, committed 46720K, reserved 1089536K
  class space    used 6868K, committed 7104K, reserved 1048576K
}
Event: 7.249 GC heap after
{Heap after GC invocations=12 (full 0):
 garbage-first heap   total 71680K, used 27247K [0x0000000780000000, 0x0000000800000000)
  region size 1024K, 3 young (3072K), 3 survivors (3072K)
 Metaspace       used 46270K, committed 46720K, reserved 1089536K
  class space    used 6868K, committed 7104K, reserved 1048576K
}
Event: 7.337 GC heap before
{Heap before GC invocations=12 (full 0):
 garbage-first heap   total 71680K, used 54895K [0x0000000780000000, 0x0000000800000000)
  region size 1024K, 30 young (30720K), 3 survivors (3072K)
 Metaspace       used 46444K, committed 46912K, reserved 1089536K
  class space    used 6882K, committed 7104K, reserved 1048576K
}
Event: 7.339 GC heap after
{Heap after GC invocations=13 (full 0):
 garbage-first heap   total 71680K, used 28046K [0x0000000780000000, 0x0000000800000000)
  region size 1024K, 2 young (2048K), 2 survivors (2048K)
 Metaspace       used 46444K, committed 46912K, reserved 1089536K
  class space    used 6882K, committed 7104K, reserved 1048576K
}
Event: 7.427 GC heap before
{Heap before GC invocations=13 (full 0):
 garbage-first heap   total 71680K, used 55694K [0x0000000780000000, 0x0000000800000000)
  region size 1024K, 29 young (29696K), 2 survivors (2048K)
 Metaspace       used 46670K, committed 47168K, reserved 1089536K
  class space    used 6903K, committed 7168K, reserved 1048576K
}
Event: 7.429 GC heap after
{Heap after GC invocations=14 (full 0):
 garbage-first heap   total 86016K, used 28493K [0x0000000780000000, 0x0000000800000000)
  region size 1024K, 3 young (3072K), 3 survivors (3072K)
 Metaspace       used 46670K, committed 47168K, reserved 1089536K
  class space    used 6903K, committed 7168K, reserved 1048576K
}
Event: 7.931 GC heap before
{Heap before GC invocations=14 (full 0):
 garbage-first heap   total 86016K, used 67405K [0x0000000780000000, 0x0000000800000000)
  region size 1024K, 41 young (41984K), 3 survivors (3072K)
 Metaspace       used 54391K, committed 54848K, reserved 1097728K
  class space    used 8309K, committed 8512K, reserved 1048576K
}
Event: 7.935 GC heap after
{Heap after GC invocations=15 (full 0):
 garbage-first heap   total 86016K, used 32476K [0x0000000780000000, 0x0000000800000000)
  region size 1024K, 6 young (6144K), 6 survivors (6144K)
 Metaspace       used 54391K, committed 54848K, reserved 1097728K
  class space    used 8309K, committed 8512K, reserved 1048576K
}
Event: 9.371 GC heap before
{Heap before GC invocations=15 (full 0):
 garbage-first heap   total 86016K, used 68316K [0x0000000780000000, 0x0000000800000000)
  region size 1024K, 40 young (40960K), 6 survivors (6144K)
 Metaspace       used 60383K, committed 60992K, reserved 1105920K
  class space    used 9407K, committed 9664K, reserved 1048576K
}
Event: 9.378 GC heap after
{Heap after GC invocations=16 (full 0):
 garbage-first heap   total 86016K, used 37220K [0x0000000780000000, 0x0000000800000000)
  region size 1024K, 3 young (3072K), 3 survivors (3072K)
 Metaspace       used 60383K, committed 60992K, reserved 1105920K
  class space    used 9407K, committed 9664K, reserved 1048576K
}
Event: 9.572 GC heap before
{Heap before GC invocations=16 (full 0):
 garbage-first heap   total 86016K, used 50532K [0x0000000780000000, 0x0000000800000000)
  region size 1024K, 17 young (17408K), 3 survivors (3072K)
 Metaspace       used 60607K, committed 61120K, reserved 1105920K
  class space    used 9458K, committed 9728K, reserved 1048576K
}
Event: 9.576 GC heap after
{Heap after GC invocations=17 (full 0):
 garbage-first heap   total 86016K, used 41426K [0x0000000780000000, 0x0000000800000000)
  region size 1024K, 5 young (5120K), 5 survivors (5120K)
 Metaspace       used 60607K, committed 61120K, reserved 1105920K
  class space    used 9458K, committed 9728K, reserved 1048576K
}
Event: 22.853 GC heap before
{Heap before GC invocations=18 (full 0):
 garbage-first heap   total 86016K, used 74194K [0x0000000780000000, 0x0000000800000000)
  region size 1024K, 24 young (24576K), 5 survivors (5120K)
 Metaspace       used 60988K, committed 61568K, reserved 1105920K
  class space    used 9555K, committed 9856K, reserved 1048576K
}
Event: 22.872 GC heap after
{Heap after GC invocations=19 (full 0):
 garbage-first heap   total 86016K, used 48545K [0x0000000780000000, 0x0000000800000000)
  region size 1024K, 4 young (4096K), 4 survivors (4096K)
 Metaspace       used 60988K, committed 61568K, reserved 1105920K
  class space    used 9555K, committed 9856K, reserved 1048576K
}
Event: 22.877 GC heap before
{Heap before GC invocations=19 (full 0):
 garbage-first heap   total 86016K, used 49569K [0x0000000780000000, 0x0000000800000000)
  region size 1024K, 5 young (5120K), 4 survivors (4096K)
 Metaspace       used 60988K, committed 61568K, reserved 1105920K
  class space    used 9555K, committed 9856K, reserved 1048576K
}
Event: 22.881 GC heap after
{Heap after GC invocations=20 (full 0):
 garbage-first heap   total 86016K, used 48568K [0x0000000780000000, 0x0000000800000000)
  region size 1024K, 1 young (1024K), 1 survivors (1024K)
 Metaspace       used 60988K, committed 61568K, reserved 1105920K
  class space    used 9555K, committed 9856K, reserved 1048576K
}
Event: 23.026 GC heap before
{Heap before GC invocations=20 (full 0):
 garbage-first heap   total 86016K, used 65976K [0x0000000780000000, 0x0000000800000000)
  region size 1024K, 18 young (18432K), 1 survivors (1024K)
 Metaspace       used 60995K, committed 61568K, reserved 1105920K
  class space    used 9557K, committed 9856K, reserved 1048576K
}
Event: 23.032 GC heap after
{Heap after GC invocations=21 (full 0):
 garbage-first heap   total 86016K, used 53451K [0x0000000780000000, 0x0000000800000000)
  region size 1024K, 3 young (3072K), 3 survivors (3072K)
 Metaspace       used 60995K, committed 61568K, reserved 1105920K
  class space    used 9557K, committed 9856K, reserved 1048576K
}

