# JRE version: Java(TM) SE Runtime Environment (17.0.4.1+1) (build 17.0.4.1+1-LTS-2)
# Java VM: Java HotSpot(TM) 64-Bit Server VM (17.0.4.1+1-LTS-2, mixed mode, emulated-client, sharing, tiered, compressed oops, compressed class ptrs, g1 gc, bsd-aarch64)
Heap:
 garbage-first heap   total 130048K, used 49110K [0x0000000780000000, 0x0000000800000000)
  region size 1024K, 15 young (15360K), 10 survivors (10240K)
 Metaspace       used 61480K, committed 62080K, reserved 1105920K
  class space    used 9654K, committed 9920K, reserved 1048576K
GC Heap History (20 events):
Event: 5.566 GC heap before
{Heap before GC invocations=5 (full 0):
 garbage-first heap   total 65536K, used 19860K [0x0000000780000000, 0x0000000800000000)
  region size 1024K, 4 young (4096K), 3 survivors (3072K)
 Metaspace       used 28890K, committed 29248K, reserved 1081344K
  class space    used 4186K, committed 4352K, reserved 1048576K
}
Event: 5.568 GC heap after
{Heap after GC invocations=6 (full 0):
 garbage-first heap   total 65536K, used 19274K [0x0000000780000000, 0x0000000800000000)
  region size 1024K, 1 young (1024K), 1 survivors (1024K)
 Metaspace       used 28890K, committed 29248K, reserved 1081344K
  class space    used 4186K, committed 4352K, reserved 1048576K
}
Event: 5.839 GC heap before
{Heap before GC invocations=6 (full 0):
 garbage-first heap   total 65536K, used 42826K [0x0000000780000000, 0x0000000800000000)
  region size 1024K, 24 young (24576K), 1 survivors (1024K)
 Metaspace       used 35151K, committed 35648K, reserved 1081344K
  class space    used 5091K, committed 5312K, reserved 1048576K
}
Event: 5.841 GC heap after
{Heap after GC invocations=7 (full 0):
 garbage-first heap   total 65536K, used 20258K [0x0000000780000000, 0x0000000800000000)
  region size 1024K, 2 young (2048K), 2 survivors (2048K)
 Metaspace       used 35151K, committed 35648K, reserved 1081344K
  class space    used 5091K, committed 5312K, reserved 1048576K
}
Event: 5.873 GC heap before
{Heap before GC invocations=7 (full 0):
 garbage-first heap   total 65536K, used 22306K [0x0000000780000000, 0x0000000800000000)
  region size 1024K, 5 young (5120K), 2 survivors (2048K)
 Metaspace       used 35907K, committed 36288K, reserved 1081344K
  class space    used 5210K, committed 5376K, reserved 1048576K
}
Event: 5.875 GC heap after
{Heap after GC invocations=8 (full 0):
 garbage-first heap   total 65536K, used 20413K [0x0000000780000000, 0x0000000800000000)
  region size 1024K, 2 young (2048K), 2 survivors (2048K)
 Metaspace       used 35907K, committed 36288K, reserved 1081344K
  class space    used 5210K, committed 5376K, reserved 1048576K
}
Event: 6.079 GC heap before
{Heap before GC invocations=9 (full 0):
 garbage-first heap   total 65536K, used 46013K [0x0000000780000000, 0x0000000800000000)
  region size 1024K, 28 young (28672K), 2 survivors (2048K)
 Metaspace       used 37996K, committed 38464K, reserved 1089536K
  class space    used 5676K, committed 5888K, reserved 1048576K
}
Event: 6.081 GC heap after
{Heap after GC invocations=10 (full 0):
 garbage-first heap   total 65536K, used 21112K [0x0000000780000000, 0x0000000800000000)
  region size 1024K, 3 young (3072K), 3 survivors (3072K)
 Metaspace       used 37996K, committed 38464K, reserved 1089536K
  class space    used 5676K, committed 5888K, reserved 1048576K
}
Event: 6.086 GC heap before
{Heap before GC invocations=10 (full 0):
 garbage-first heap   total 65536K, used 22136K [0x0000000780000000, 0x0000000800000000)
  region size 1024K, 4 young (4096K), 3 survivors (3072K)
 Metaspace       used 38007K, committed 38464K, reserved 1089536K
  class space    used 5677K, committed 5888K, reserved 1048576K
}
Event: 6.089 GC heap after
{Heap after GC invocations=11 (full 0):
 garbage-first heap   total 65536K, used 20984K [0x0000000780000000, 0x0000000800000000)
  region size 1024K, 1 young (1024K), 1 survivors (1024K)
 Metaspace       used 38007K, committed 38464K, reserved 1089536K
  class space    used 5677K, committed 5888K, reserved 1048576K
}
Event: 6.324 GC heap before
{Heap before GC invocations=11 (full 0):
 garbage-first heap   total 65536K, used 47608K [0x0000000780000000, 0x0000000800000000)
  region size 1024K, 27 young (27648K), 1 survivors (1024K)
 Metaspace       used 42694K, committed 43136K, reserved 1089536K
  class space    used 6346K, committed 6528K, reserved 1048576K
}
Event: 6.325 GC heap after
{Heap after GC invocations=12 (full 0):
 garbage-first heap   total 141312K, used 22881K [0x0000000780000000, 0x0000000800000000)
  region size 1024K, 3 young (3072K), 3 survivors (3072K)
 Metaspace       used 42694K, committed 43136K, reserved 1089536K
  class space    used 6346K, committed 6528K, reserved 1048576K
}
Event: 6.790 GC heap before
{Heap before GC invocations=12 (full 0):
 garbage-first heap   total 141312K, used 103777K [0x0000000780000000, 0x0000000800000000)
  region size 1024K, 82 young (83968K), 3 survivors (3072K)
 Metaspace       used 46432K, committed 46976K, reserved 1089536K
  class space    used 6886K, committed 7168K, reserved 1048576K
}
Event: 6.794 GC heap after
{Heap after GC invocations=13 (full 0):
 garbage-first heap   total 141312K, used 25776K [0x0000000780000000, 0x0000000800000000)
  region size 1024K, 5 young (5120K), 5 survivors (5120K)
 Metaspace       used 46432K, committed 46976K, reserved 1089536K
  class space    used 6886K, committed 7168K, reserved 1048576K
}
Event: 7.545 GC heap before
{Heap before GC invocations=13 (full 0):
 garbage-first heap   total 141312K, used 104624K [0x0000000780000000, 0x0000000800000000)
  region size 1024K, 82 young (83968K), 5 survivors (5120K)
 Metaspace       used 55701K, committed 56256K, reserved 1097728K
  class space    used 8579K, committed 8832K, reserved 1048576K
}
Event: 7.551 GC heap after
{Heap after GC invocations=14 (full 0):
 garbage-first heap   total 141312K, used 30926K [0x0000000780000000, 0x0000000800000000)
  region size 1024K, 10 young (10240K), 10 survivors (10240K)
 Metaspace       used 55701K, committed 56256K, reserved 1097728K
  class space    used 8579K, committed 8832K, reserved 1048576K
}
Event: 8.809 GC heap before
{Heap before GC invocations=14 (full 0):
 garbage-first heap   total 141312K, used 60622K [0x0000000780000000, 0x0000000800000000)
  region size 1024K, 39 young (39936K), 10 survivors (10240K)
 Metaspace       used 60355K, committed 60928K, reserved 1105920K
  class space    used 9404K, committed 9664K, reserved 1048576K
}
Event: 8.816 GC heap after
{Heap after GC invocations=15 (full 0):
 garbage-first heap   total 141312K, used 35528K [0x0000000780000000, 0x0000000800000000)
  region size 1024K, 8 young (8192K), 8 survivors (8192K)
 Metaspace       used 60355K, committed 60928K, reserved 1105920K
  class space    used 9404K, committed 9664K, reserved 1048576K
}
Event: 21.185 GC heap before
{Heap before GC invocations=16 (full 0):
 garbage-first heap   total 130048K, used 107208K [0x0000000780000000, 0x0000000800000000)
  region size 1024K, 73 young (74752K), 8 survivors (8192K)
 Metaspace       used 61398K, committed 62016K, reserved 1105920K
  class space    used 9634K, committed 9920K, reserved 1048576K
}
Event: 21.269 GC heap after
{Heap after GC invocations=17 (full 0):
 garbage-first heap   total 130048K, used 45014K [0x0000000780000000, 0x0000000800000000)
  region size 1024K, 10 young (10240K), 10 survivors (10240K)
 Metaspace       used 61398K, committed 62016K, reserved 1105920K
  class space    used 9634K, committed 9920K, reserved 1048576K
}

