# JRE version: Java(TM) SE Runtime Environment (17.0.4.1+1) (build 17.0.4.1+1-LTS-2)
# Java VM: Java HotSpot(TM) 64-Bit Server VM (17.0.4.1+1-LTS-2, mixed mode, emulated-client, sharing, tiered, compressed oops, compressed class ptrs, g1 gc, bsd-aarch64)
Heap:
 garbage-first heap   total 133120K, used 89385K [0x0000000780000000, 0x0000000800000000)
  region size 1024K, 53 young (54272K), 10 survivors (10240K)
 Metaspace       used 61974K, committed 62592K, reserved 1105920K
  class space    used 9715K, committed 9984K, reserved 1048576K
GC Heap History (20 events):
Event: 4.596 GC heap before
{Heap before GC invocations=7 (full 0):
 garbage-first heap   total 65536K, used 23851K [0x0000000780000000, 0x0000000800000000)
  region size 1024K, 7 young (7168K), 2 survivors (2048K)
 Metaspace       used 36021K, committed 36416K, reserved 1081344K
  class space    used 5217K, committed 5376K, reserved 1048576K
}
Event: 4.597 GC heap after
{Heap after GC invocations=8 (full 0):
 garbage-first heap   total 117760K, used 20934K [0x0000000780000000, 0x0000000800000000)
  region size 1024K, 2 young (2048K), 2 survivors (2048K)
 Metaspace       used 36021K, committed 36416K, reserved 1081344K
  class space    used 5217K, committed 5376K, reserved 1048576K
}
Event: 5.040 GC heap before
{Heap before GC invocations=9 (full 0):
 garbage-first heap   total 78848K, used 65990K [0x0000000780000000, 0x0000000800000000)
  region size 1024K, 46 young (47104K), 2 survivors (2048K)
 Metaspace       used 40905K, committed 41408K, reserved 1089536K
  class space    used 6134K, committed 6336K, reserved 1048576K
}
Event: 5.043 GC heap after
{Heap after GC invocations=10 (full 0):
 garbage-first heap   total 78848K, used 22822K [0x0000000780000000, 0x0000000800000000)
  region size 1024K, 4 young (4096K), 4 survivors (4096K)
 Metaspace       used 40905K, committed 41408K, reserved 1089536K
  class space    used 6134K, committed 6336K, reserved 1048576K
}
Event: 5.052 GC heap before
{Heap before GC invocations=10 (full 0):
 garbage-first heap   total 78848K, used 23846K [0x0000000780000000, 0x0000000800000000)
  region size 1024K, 5 young (5120K), 4 survivors (4096K)
 Metaspace       used 41127K, committed 41664K, reserved 1089536K
  class space    used 6170K, committed 6400K, reserved 1048576K
}
Event: 5.054 GC heap after
{Heap after GC invocations=11 (full 0):
 garbage-first heap   total 78848K, used 22858K [0x0000000780000000, 0x0000000800000000)
  region size 1024K, 1 young (1024K), 1 survivors (1024K)
 Metaspace       used 41127K, committed 41664K, reserved 1089536K
  class space    used 6170K, committed 6400K, reserved 1048576K
}
Event: 5.327 GC heap before
{Heap before GC invocations=11 (full 0):
 garbage-first heap   total 78848K, used 59722K [0x0000000780000000, 0x0000000800000000)
  region size 1024K, 37 young (37888K), 1 survivors (1024K)
 Metaspace       used 45849K, committed 46336K, reserved 1089536K
  class space    used 6820K, committed 7040K, reserved 1048576K
}
Event: 5.329 GC heap after
{Heap after GC invocations=12 (full 0):
 garbage-first heap   total 78848K, used 24554K [0x0000000780000000, 0x0000000800000000)
  region size 1024K, 3 young (3072K), 3 survivors (3072K)
 Metaspace       used 45849K, committed 46336K, reserved 1089536K
  class space    used 6820K, committed 7040K, reserved 1048576K
}
Event: 5.423 GC heap before
{Heap before GC invocations=12 (full 0):
 garbage-first heap   total 78848K, used 59370K [0x0000000780000000, 0x0000000800000000)
  region size 1024K, 37 young (37888K), 3 survivors (3072K)
 Metaspace       used 46084K, committed 46528K, reserved 1089536K
  class space    used 6851K, committed 7040K, reserved 1048576K
}
Event: 5.426 GC heap after
{Heap after GC invocations=13 (full 0):
 garbage-first heap   total 78848K, used 25800K [0x0000000780000000, 0x0000000800000000)
  region size 1024K, 4 young (4096K), 4 survivors (4096K)
 Metaspace       used 46084K, committed 46528K, reserved 1089536K
  class space    used 6851K, committed 7040K, reserved 1048576K
}
Event: 5.508 GC heap before
{Heap before GC invocations=13 (full 0):
 garbage-first heap   total 78848K, used 60616K [0x0000000780000000, 0x0000000800000000)
  region size 1024K, 38 young (38912K), 4 survivors (4096K)
 Metaspace       used 46368K, committed 46848K, reserved 1089536K
  class space    used 6878K, committed 7104K, reserved 1048576K
}
Event: 5.510 GC heap after
{Heap after GC invocations=14 (full 0):
 garbage-first heap   total 78848K, used 26616K [0x0000000780000000, 0x0000000800000000)
  region size 1024K, 3 young (3072K), 3 survivors (3072K)
 Metaspace       used 46368K, committed 46848K, reserved 1089536K
  class space    used 6878K, committed 7104K, reserved 1048576K
}
Event: 5.591 GC heap before
{Heap before GC invocations=14 (full 0):
 garbage-first heap   total 78848K, used 60408K [0x0000000780000000, 0x0000000800000000)
  region size 1024K, 36 young (36864K), 3 survivors (3072K)
 Metaspace       used 46817K, committed 47296K, reserved 1089536K
  class space    used 6922K, committed 7168K, reserved 1048576K
}
Event: 5.592 GC heap after
{Heap after GC invocations=15 (full 0):
 garbage-first heap   total 78848K, used 27146K [0x0000000780000000, 0x0000000800000000)
  region size 1024K, 3 young (3072K), 3 survivors (3072K)
 Metaspace       used 46817K, committed 47296K, reserved 1089536K
  class space    used 6922K, committed 7168K, reserved 1048576K
}
Event: 5.806 GC heap before
{Heap before GC invocations=15 (full 0):
 garbage-first heap   total 78848K, used 60938K [0x0000000780000000, 0x0000000800000000)
  region size 1024K, 37 young (37888K), 3 survivors (3072K)
 Metaspace       used 51803K, committed 52352K, reserved 1097728K
  class space    used 7765K, committed 8000K, reserved 1048576K
}
Event: 5.808 GC heap after
{Heap after GC invocations=16 (full 0):
 garbage-first heap   total 147456K, used 30222K [0x0000000780000000, 0x0000000800000000)
  region size 1024K, 5 young (5120K), 5 survivors (5120K)
 Metaspace       used 51803K, committed 52352K, reserved 1097728K
  class space    used 7765K, committed 8000K, reserved 1048576K
}
Event: 7.766 GC heap before
{Heap before GC invocations=16 (full 0):
 garbage-first heap   total 147456K, used 87566K [0x0000000780000000, 0x0000000800000000)
  region size 1024K, 61 young (62464K), 5 survivors (5120K)
 Metaspace       used 60506K, committed 61056K, reserved 1105920K
  class space    used 9348K, committed 9600K, reserved 1048576K
}
Event: 7.771 GC heap after
{Heap after GC invocations=17 (full 0):
 garbage-first heap   total 147456K, used 35557K [0x0000000780000000, 0x0000000800000000)
  region size 1024K, 9 young (9216K), 9 survivors (9216K)
 Metaspace       used 60506K, committed 61056K, reserved 1105920K
  class space    used 9348K, committed 9600K, reserved 1048576K
}
Event: 19.441 GC heap before
{Heap before GC invocations=18 (full 0):
 garbage-first heap   total 133120K, used 112357K [0x0000000780000000, 0x0000000800000000)
  region size 1024K, 78 young (79872K), 9 survivors (9216K)
 Metaspace       used 61886K, committed 62528K, reserved 1105920K
  class space    used 9694K, committed 9984K, reserved 1048576K
}
Event: 19.460 GC heap after
{Heap after GC invocations=19 (full 0):
 garbage-first heap   total 133120K, used 46377K [0x0000000780000000, 0x0000000800000000)
  region size 1024K, 10 young (10240K), 10 survivors (10240K)
 Metaspace       used 61886K, committed 62528K, reserved 1105920K
  class space    used 9694K, committed 9984K, reserved 1048576K
}

